{"level":"error","message":"Cast to ObjectId failed for value \"61ada24b8186aeea0a4353151\" (type string) at path \"_id\" for model \"users\""}
{"level":"error","message":"/home/rudra/Desktop/auth/views/layout/header.pug:33\n    31|                             | Your Account\n    32|                         .dropdown-menu(style=\"background-color: #48C9B0;\")\n  > 33|                             form.d-inline-block(method=\"post\" action=\"../../editprofile/\"+user._id)\n    34|                                 button.btn.btn-outline-success(type=\"submit\") Edit Profile                                              \n    35|                             form(method=\"post\" action=\"../../api/users/\"+id)\n    36|                                 button.btn.btn-outline-primary.dropdown-item(type='submit') Logout\n\nCannot read properties of undefined (reading '_id')"}
{"level":"error","message":"/home/rudra/Desktop/auth/views/layout/header.pug:33\n    31|                             | Your Account\n    32|                         .dropdown-menu(style=\"background-color: #48C9B0;\")\n  > 33|                             form.d-inline-block(method=\"post\" action=\"../../editprofile/\"+user._id)\n    34|                                 button.btn.btn-outline-success(type=\"submit\") Edit Profile                                              \n    35|                             form(method=\"post\" action=\"../../api/users/\"+id)\n    36|                                 button.btn.btn-outline-primary.dropdown-item(type='submit') Logout\n\nCannot read properties of undefined (reading '_id')"}
{"level":"error","message":"isAdmin is not defined"}
{"level":"error","message":"/home/rudra/Desktop/auth/views/dashboard.pug:21:52\n    19|                                     span(scope='col') S.No.\n    20|                                     span(scope='col') Name\n  > 21|                                     spanscope='col') Email\n-----------------------------------------------------------^\n    22|                                     span(scope='col') Password \n    23|                                     span(scope='col') Status\n    24|                                     span(scope='col') Admin\n\nSyntax Error: Unexpected token"}
{"level":"error","message":"/home/rudra/Desktop/auth/views/dashboard.pug:29\n    27|                                         div\n    28|                                             span=sn+1\n  > 29|                                             span=user.name\n    30|                                             span=user.email\n    31|                                             span *****\n    32|                                             if user.isActive\n\nCannot read properties of undefined (reading 'name')"}
{"level":"error","message":"/home/rudra/Desktop/auth/views/dashboard.pug:30:1\n    28|                                         if user.isActive\n    29|                                                 span Active \n  > 30|                                             else \n--------^\n    31|                                                 span Deactive   \n    32|                                     div Admin\n    33|                                         if user.isAdmin\n\nInconsistent indentation. Expecting either 40 or 48 spaces/tabs."}
{"level":"error","message":"/home/rudra/Desktop/auth/views/dashboard.pug:30:1\n    28|                                         if user.isActive\n    29|                                                 span Active \n  > 30|                                             else \n--------^\n    31|                                                 span Deactive   \n    32|                                     div Admin\n    33|                                         if user.isAdmin\n\nInconsistent indentation. Expecting either 40 or 48 spaces/tabs."}
{"level":"error","message":"/home/rudra/Desktop/auth/views/dashboard.pug:30:1\n    28|                                         if user.isActive\n    29|                                                 span Active \n  > 30|                                             else \n--------^\n    31|                                                 span Deactive   \n    32|                                     div Admin\n    33|                                         if user.isAdmin\n\nInconsistent indentation. Expecting either 40 or 48 spaces/tabs."}
{"level":"error","message":"/home/rudra/Desktop/auth/views/dashboard.pug:30:1\n    28|                                         if user.isActive\n    29|                                                 span Active \n  > 30|                                             else \n--------^\n    31|                                                 span Deactive   \n    32|                                     div Admin\n    33|                                         if user.isAdmin\n\nInconsistent indentation. Expecting either 40 or 48 spaces/tabs."}
{"level":"error","message":"/home/rudra/Desktop/auth/views/dashboard.pug:30:1\n    28|                                         if user.isActive\n    29|                                                 span Active \n  > 30|                                             else \n--------^\n    31|                                                 span Deactive   \n    32|                                     div Admin\n    33|                                         if user.isAdmin\n\nInconsistent indentation. Expecting either 40 or 48 spaces/tabs."}
{"level":"error","message":"/home/rudra/Desktop/auth/views/dashboard.pug:30:1\n    28|                                         if user.isActive\n    29|                                             span Active \n  > 30| else \n--------^\n    31|     span Deactive   \n    32|                                     div Admin\n    33|                                         if user.isAdmin\n\nunexpected token \"else\""}
{"level":"error","message":"/home/rudra/Desktop/auth/views/dashboard.pug:30:1\n    28|                                         if user.isActive\n    29|                                             span Active \n  > 30| else \n--------^\n    31|     span Deactive   \n    32|                                     div Admin\n    33|                                         if user.isAdmin\n\nunexpected token \"else\""}
{"level":"error","message":"/home/rudra/Desktop/auth/views/dashboard.pug:30:1\n    28|                                         if user.isActive\n    29|                                             span Active \n  > 30| else \n--------^\n    31|     span Deactive   \n    32|                                     div Admin\n    33|                                         if user.isAdmin\n\nunexpected token \"else\""}
{"level":"error","message":"/home/rudra/Desktop/auth/views/dashboard.pug:30:1\n    28|                                         if user.isActive\n    29|                                                 span Active \n  > 30|                                             else \n--------^\n    31|                                                 span Deactive   \n    32|                                     div Admin\n    33|                                         if user.isAdmin\n\nInconsistent indentation. Expecting either 40 or 48 spaces/tabs."}
{"level":"error","message":"/home/rudra/Desktop/auth/views/dashboard.pug:30:1\n    28|                                         if user.isActive\n    29|                                                 span Active \n  > 30|                                             else \n--------^\n    31|                                                 span Deactive   \n    32|                                     div Admin\n    33|                                         if user.isAdmin\n\nInconsistent indentation. Expecting either 40 or 48 spaces/tabs."}
{"level":"error","message":"/home/rudra/Desktop/auth/views/dashboard.pug:30:1\n    28|                                         if user.isActive\n    29|                                                 span Active \n  > 30|                                             else \n--------^\n    31|                                                 span Deactive   \n    32|                                     div Admin\n    33|                                         if user.isAdmin\n\nInconsistent indentation. Expecting either 40 or 48 spaces/tabs."}
{"level":"error","message":"/home/rudra/Desktop/auth/views/dashboard.pug:30:1\n    28|                                         if user.isActive\n    29|                                                 span Active \n  > 30|                                             else \n--------^\n    31|                                                 span Deactive   \n    32|                                     div Admin\n    33|                                         if user.isAdmin\n\nInconsistent indentation. Expecting either 40 or 48 spaces/tabs."}
{"level":"error","message":"/home/rudra/Desktop/auth/views/dashboard.pug:30:1\n    28|                                         if user.isActive\n    29|                                                 span Active \n  > 30|                                             else \n--------^\n    31|                                                 span Deactive   \n    32|                                     div Admin\n    33|                                         if user.isAdmin\n\nInconsistent indentation. Expecting either 40 or 48 spaces/tabs."}
{"level":"error","message":"/home/rudra/Desktop/auth/views/dashboard.pug:30:1\n    28|                                         if user.isActive\n    29|                                                 span Active \n  > 30|                                             else \n--------^\n    31|                                                 span Deactive   \n    32|                                     div Admin\n    33|                                         if user.isAdmin\n\nInconsistent indentation. Expecting either 40 or 48 spaces/tabs."}
{"level":"error","message":"/home/rudra/Desktop/auth/views/dashboard.pug:30:1\n    28|                                         if user.isActive\n    29|                                                 span Active \n  > 30|                                             else \n--------^\n    31|                                                 span Deactive   \n    32|                                     div Admin\n    33|                                         if user.isAdmin\n\nInconsistent indentation. Expecting either 40 or 48 spaces/tabs."}
{"level":"error","message":"ENOENT: no such file or directory, open '/home/rudra/Desktop/Authentication/views/validation.js'\n    at /home/rudra/Desktop/Authentication/views/signup.pug line 30"}
{"level":"error","message":"ENOENT: no such file or directory, open '/home/rudra/Desktop/Authentication/views/js/validation.js'\n    at /home/rudra/Desktop/Authentication/views/signup.pug line 32"}
{"level":"error","message":"ENOENT: no such file or directory, open '/home/rudra/Desktop/Authentication/views/js/validation.js'\n    at /home/rudra/Desktop/Authentication/views/signup.pug line 32"}
{"level":"error","message":"ENOENT: no such file or directory, open '/home/rudra/Desktop/Authentication/views/js/validation.js'\n    at /home/rudra/Desktop/Authentication/views/signup.pug line 32"}
{"level":"error","message":"ENOENT: no such file or directory, open '/home/rudra/Desktop/Authentication/views/js/validation.js'\n    at /home/rudra/Desktop/Authentication/views/signup.pug line 32"}
{"level":"error","message":"Cast to ObjectId failed for value \"61af4611a99a1a713e4c64\" (type string) at path \"_id\" for model \"users\""}
{"level":"error","message":"ENOENT: no such file or directory, open '/home/rudra/Desktop/Authentication/views/js/sendMail.js'\n    at /home/rudra/Desktop/Authentication/views/forgetpassword.pug line 29"}
{"level":"error","message":"ENOENT: no such file or directory, open '/home/rudra/Desktop/Authentication/views/js/isSent.js'\n    at /home/rudra/Desktop/Authentication/views/forgetpassword.pug line 28"}
{"level":"error","message":"Cannot read properties of undefined (reading 'filename')"}
{"level":"error","message":"Cannot read properties of undefined (reading 'filename')"}
{"level":"error","message":"Cannot read properties of undefined (reading 'filename')"}
{"level":"error","message":"Cannot read properties of undefined (reading 'filename')"}
{"level":"error","message":"Cannot read properties of undefined (reading 'filename')"}
{"level":"error","message":"Cannot read properties of undefined (reading 'filename')"}
{"level":"error","message":"Cannot read properties of undefined (reading 'filename')"}
{"level":"error","message":"Cannot read properties of undefined (reading 'filename')"}
{"level":"error","message":"Cannot read properties of undefined (reading 'filename')"}
{"level":"error","message":"Cannot read properties of undefined (reading 'filename')"}
{"level":"error","message":"Cannot read properties of undefined (reading 'filename')"}
{"level":"error","message":"Cannot read properties of undefined (reading 'filename')"}
{"level":"error","message":"Cannot read properties of undefined (reading 'filename')"}
{"level":"error","message":"Cannot read properties of undefined (reading 'filename')"}
{"level":"error","message":"Cannot read properties of undefined (reading 'filename')"}
{"level":"error","message":"ENOENT: no such file or directory, unlink '/home/rudra/Desktop/Authentication/public/uploads/df4213bb20573d19d5fc9bb8187357a5'"}
{"level":"error","message":"ENOENT: no such file or directory, unlink '/home/rudra/Desktop/Authentication/public/uploads/5ecc0c180076566bdc0a21986c7ebfaf'"}
{"level":"error","message":"ENOENT: no such file or directory, unlink '/home/rudra/Desktop/Authentication/public/uploads/5ecc0c180076566bdc0a21986c7ebfaf'"}
